This is pdfTeX, Version 3.14159265-2.6-1.40.20 (TeX Live 2019/Debian) (preloaded format=pdflatex 2020.7.23)  14 AUG 2020 14:14
entering extended mode
 restricted \write18 enabled.
 %&-line parsing enabled.
**sequ_learn_rnn.tex -shell-escape
(./sequ_learn_rnn.tex
LaTeX2e <2020-02-02> patch level 2
L3 programming layer <2020-02-14>
(/usr/share/texlive/texmf-dist/tex/latex/base/article.cls
Document Class: article 2019/12/20 v1.4l Standard LaTeX document class
(/usr/share/texlive/texmf-dist/tex/latex/base/size10.clo
File: size10.clo 2019/12/20 v1.4l Standard LaTeX file (size option)
)
\c@part=\count167
\c@section=\count168
\c@subsection=\count169
\c@subsubsection=\count170
\c@paragraph=\count171
\c@subparagraph=\count172
\c@figure=\count173
\c@table=\count174
\abovecaptionskip=\skip47
\belowcaptionskip=\skip48
\bibindent=\dimen134
)
(/usr/share/texlive/texmf-dist/tex/latex/base/inputenc.sty
Package: inputenc 2018/08/11 v1.3c Input encoding file
\inpenc@prehook=\toks14
\inpenc@posthook=\toks15
)
(/usr/share/texlive/texmf-dist/tex/generic/babel/babel.sty
Package: babel 2020/02/14 3.40 The Babel package

(/usr/share/texlive/texmf-dist/tex/generic/babel/switch.def
File: switch.def 2020/02/14 3.40 Babel switching mechanism
)
(/usr/share/texlive/texmf-dist/tex/generic/babel-english/english.ldf
Language: english 2017/06/06 v3.3r English support from the babel system

(/usr/share/texlive/texmf-dist/tex/generic/babel/babel.def
File: babel.def 2020/02/14 3.40 Babel common definitions
\babel@savecnt=\count175
\U@D=\dimen135

(/usr/share/texlive/texmf-dist/tex/generic/babel/txtbabel.def)
\bbl@readstream=\read2
\bbl@dirlevel=\count176
)
Package babel Info: \l@british = using hyphenrules for english
(babel)             (\language0) on input line 82.
Package babel Info: \l@UKenglish = using hyphenrules for english
(babel)             (\language0) on input line 83.
Package babel Info: \l@canadian = using hyphenrules for english
(babel)             (\language0) on input line 102.
Package babel Info: \l@australian = using hyphenrules for english
(babel)             (\language0) on input line 105.
Package babel Info: \l@newzealand = using hyphenrules for english
(babel)             (\language0) on input line 108.
))
(/usr/share/texlive/texmf-dist/tex/latex/amsmath/amsmath.sty
Package: amsmath 2020/01/20 v2.17e AMS math features
\@mathmargin=\skip49

For additional information on amsmath, use the `?' option.
(/usr/share/texlive/texmf-dist/tex/latex/amsmath/amstext.sty
Package: amstext 2000/06/29 v2.01 AMS text

(/usr/share/texlive/texmf-dist/tex/latex/amsmath/amsgen.sty
File: amsgen.sty 1999/11/30 v2.0 generic functions
\@emptytoks=\toks16
\ex@=\dimen136
))
(/usr/share/texlive/texmf-dist/tex/latex/amsmath/amsbsy.sty
Package: amsbsy 1999/11/29 v1.2d Bold Symbols
\pmbraise@=\dimen137
)
(/usr/share/texlive/texmf-dist/tex/latex/amsmath/amsopn.sty
Package: amsopn 2016/03/08 v2.02 operator names
)
\inf@bad=\count177
LaTeX Info: Redefining \frac on input line 227.
\uproot@=\count178
\leftroot@=\count179
LaTeX Info: Redefining \overline on input line 389.
\classnum@=\count180
\DOTSCASE@=\count181
LaTeX Info: Redefining \ldots on input line 486.
LaTeX Info: Redefining \dots on input line 489.
LaTeX Info: Redefining \cdots on input line 610.
\Mathstrutbox@=\box45
\strutbox@=\box46
\big@size=\dimen138
LaTeX Font Info:    Redeclaring font encoding OML on input line 733.
LaTeX Font Info:    Redeclaring font encoding OMS on input line 734.
\macc@depth=\count182
\c@MaxMatrixCols=\count183
\dotsspace@=\muskip16
\c@parentequation=\count184
\dspbrk@lvl=\count185
\tag@help=\toks17
\row@=\count186
\column@=\count187
\maxfields@=\count188
\andhelp@=\toks18
\eqnshift@=\dimen139
\alignsep@=\dimen140
\tagshift@=\dimen141
\tagwidth@=\dimen142
\totwidth@=\dimen143
\lineht@=\dimen144
\@envbody=\toks19
\multlinegap=\skip50
\multlinetaggap=\skip51
\mathdisplay@stack=\toks20
LaTeX Info: Redefining \[ on input line 2859.
LaTeX Info: Redefining \] on input line 2860.
)
(/usr/share/texlive/texmf-dist/tex/latex/amsfonts/amsfonts.sty
Package: amsfonts 2013/01/14 v3.01 Basic AMSFonts support
\symAMSa=\mathgroup4
\symAMSb=\mathgroup5
LaTeX Font Info:    Redeclaring math symbol \hbar on input line 98.
LaTeX Font Info:    Overwriting math alphabet `\mathfrak' in version `bold'
(Font)                  U/euf/m/n --> U/euf/b/n on input line 106.
)
(/usr/share/texlive/texmf-dist/tex/latex/amsfonts/amssymb.sty
Package: amssymb 2013/01/14 v3.01 AMS font symbols
)
(/usr/share/texlive/texmf-dist/tex/latex/graphics/graphicx.sty
Package: graphicx 2019/11/30 v1.2a Enhanced LaTeX Graphics (DPC,SPQR)

(/usr/share/texlive/texmf-dist/tex/latex/graphics/keyval.sty
Package: keyval 2014/10/28 v1.15 key=value parser (DPC)
\KV@toks@=\toks21
)
(/usr/share/texlive/texmf-dist/tex/latex/graphics/graphics.sty
Package: graphics 2019/11/30 v1.4a Standard LaTeX Graphics (DPC,SPQR)

(/usr/share/texlive/texmf-dist/tex/latex/graphics/trig.sty
Package: trig 2016/01/03 v1.10 sin cos tan (DPC)
)
(/usr/share/texlive/texmf-dist/tex/latex/graphics-cfg/graphics.cfg
File: graphics.cfg 2016/06/04 v1.11 sample graphics configuration
)
Package graphics Info: Driver file: pdftex.def on input line 105.

(/usr/share/texlive/texmf-dist/tex/latex/graphics-def/pdftex.def
File: pdftex.def 2018/01/08 v1.0l Graphics/color driver for pdftex
))
\Gin@req@height=\dimen145
\Gin@req@width=\dimen146
)
(/usr/share/texlive/texmf-dist/tex/latex/geometry/geometry.sty
Package: geometry 2020/01/02 v5.9 Page Geometry

(/usr/share/texlive/texmf-dist/tex/generic/iftex/ifvtex.sty
Package: ifvtex 2019/10/25 v1.7 ifvtex legacy package. Use iftex instead.

(/usr/share/texlive/texmf-dist/tex/generic/iftex/iftex.sty
Package: iftex 2019/11/07 v1.0c TeX engine tests
))
\Gm@cnth=\count189
\Gm@cntv=\count190
\c@Gm@tempcnt=\count191
\Gm@bindingoffset=\dimen147
\Gm@wd@mp=\dimen148
\Gm@odd@mp=\dimen149
\Gm@even@mp=\dimen150
\Gm@layoutwidth=\dimen151
\Gm@layoutheight=\dimen152
\Gm@layouthoffset=\dimen153
\Gm@layoutvoffset=\dimen154
\Gm@dimlist=\toks22
)
(/usr/share/texlive/texmf-dist/tex/latex/natbib/natbib.sty
Package: natbib 2010/09/13 8.31b (PWD, AO)
\bibhang=\skip52
\bibsep=\skip53
LaTeX Info: Redefining \cite on input line 694.
\c@NAT@ctr=\count192
)
(/usr/share/texlive/texmf-dist/tex/latex/l3backend/l3backend-pdfmode.def
File: l3backend-pdfmode.def 2020-02-03 L3 backend support: PDF mode
\l__kernel_color_stack_int=\count193
\l__pdf_internal_box=\box47
)
(./sequ_learn_rnn.aux)
\openout1 = `sequ_learn_rnn.aux'.

LaTeX Font Info:    Checking defaults for OML/cmm/m/it on input line 32.
LaTeX Font Info:    ... okay on input line 32.
LaTeX Font Info:    Checking defaults for OMS/cmsy/m/n on input line 32.
LaTeX Font Info:    ... okay on input line 32.
LaTeX Font Info:    Checking defaults for OT1/cmr/m/n on input line 32.
LaTeX Font Info:    ... okay on input line 32.
LaTeX Font Info:    Checking defaults for T1/cmr/m/n on input line 32.
LaTeX Font Info:    ... okay on input line 32.
LaTeX Font Info:    Checking defaults for TS1/cmr/m/n on input line 32.
LaTeX Font Info:    ... okay on input line 32.
LaTeX Font Info:    Checking defaults for OMX/cmex/m/n on input line 32.
LaTeX Font Info:    ... okay on input line 32.
LaTeX Font Info:    Checking defaults for U/cmr/m/n on input line 32.
LaTeX Font Info:    ... okay on input line 32.

(/usr/share/texlive/texmf-dist/tex/context/base/mkii/supp-pdf.mkii
[Loading MPS to PDF converter (version 2006.09.02).]
\scratchcounter=\count194
\scratchdimen=\dimen155
\scratchbox=\box48
\nofMPsegments=\count195
\nofMParguments=\count196
\everyMPshowfont=\toks23
\MPscratchCnt=\count197
\MPscratchDim=\dimen156
\MPnumerator=\count198
\makeMPintoPDFobject=\count199
\everyMPtoPDFconversion=\toks24
) (/usr/share/texlive/texmf-dist/tex/latex/epstopdf-pkg/epstopdf-base.sty
Package: epstopdf-base 2020-01-24 v2.11 Base part for package epstopdf
Package epstopdf-base Info: Redefining graphics rule for `.eps' on input line 4
85.

(/usr/share/texlive/texmf-dist/tex/latex/latexconfig/epstopdf-sys.cfg
File: epstopdf-sys.cfg 2010/07/13 v1.3 Configuration of (r)epstopdf for TeX Liv
e
))
*geometry* driver: auto-detecting
*geometry* detected driver: pdftex
*geometry* verbose mode - [ preamble ] result:
* driver: pdftex
* paper: a4paper
* layout: <same size as paper>
* layoutoffset:(h,v)=(0.0pt,0.0pt)
* modes: 
* h-part:(L,W,R)=(113.81102pt, 369.88583pt, 113.81102pt)
* v-part:(T,H,B)=(113.81102pt, 617.4248pt, 113.81102pt)
* \paperwidth=597.50787pt
* \paperheight=845.04684pt
* \textwidth=369.88583pt
* \textheight=617.4248pt
* \oddsidemargin=41.54103pt
* \evensidemargin=41.54103pt
* \topmargin=4.54103pt
* \headheight=12.0pt
* \headsep=25.0pt
* \topskip=10.0pt
* \footskip=30.0pt
* \marginparwidth=57.0pt
* \marginparsep=11.0pt
* \columnsep=10.0pt
* \skip\footins=9.0pt plus 4.0pt minus 2.0pt
* \hoffset=0.0pt
* \voffset=0.0pt
* \mag=1000
* \@twocolumnfalse
* \@twosidefalse
* \@mparswitchfalse
* \@reversemarginfalse
* (1in=72.27pt=25.4mm, 1cm=28.453pt)

LaTeX Font Info:    Trying to load font information for U+msa on input line 33.

(/usr/share/texlive/texmf-dist/tex/latex/amsfonts/umsa.fd
File: umsa.fd 2013/01/14 v3.01 AMS symbols A
)
LaTeX Font Info:    Trying to load font information for U+msb on input line 33.


(/usr/share/texlive/texmf-dist/tex/latex/amsfonts/umsb.fd
File: umsb.fd 2013/01/14 v3.01 AMS symbols B
)
<./figures/shai_phen_model.png, id=1, 419.5675pt x 756.8275pt>
File: ./figures/shai_phen_model.png Graphic file (type png)
<use ./figures/shai_phen_model.png>
Package pdftex.def Info: ./figures/shai_phen_model.png  used on input line 93.
(pdftex.def)             Requested size: 110.96687pt x 200.1657pt.
<./figures/plot_comp_mod_marks.png, id=3, 303.2931pt x 258.4857pt>
File: ./figures/plot_comp_mod_marks.png Graphic file (type png)
<use ./figures/plot_comp_mod_marks.png>
Package pdftex.def Info: ./figures/plot_comp_mod_marks.png  used on input line 
106.
(pdftex.def)             Requested size: 221.93375pt x 189.15051pt.
<./figures/single_neuron_illustration.png, id=4, 196.5744pt x 175.6161pt>
File: ./figures/single_neuron_illustration.png Graphic file (type png)
<use ./figures/single_neuron_illustration.png>
Package pdftex.def Info: ./figures/single_neuron_illustration.png  used on inpu
t line 142.
(pdftex.def)             Requested size: 196.60864pt x 175.65587pt.
<./figures/single_neuron_results_1.png, id=5, 446.6286pt x 370.5042pt>
File: ./figures/single_neuron_results_1.png Graphic file (type png)
<use ./figures/single_neuron_results_1.png>
Package pdftex.def Info: ./figures/single_neuron_results_1.png  used on input l
ine 151.
(pdftex.def)             Requested size: 369.88583pt x 306.83998pt.
<./figures/single_neuron_results_2.png, id=6, 444.4605pt x 283.2984pt>
File: ./figures/single_neuron_results_2.png Graphic file (type png)
<use ./figures/single_neuron_results_2.png>
Package pdftex.def Info: ./figures/single_neuron_results_2.png  used on input l
ine 158.
(pdftex.def)             Requested size: 369.88583pt x 235.77306pt.
 [1

{/var/lib/texmf/fonts/map/pdftex/updmap/pdftex.map}] [2 <./figures/shai_phen_mo
del.png> <./figures/plot_comp_mod_marks.png>] [3 <./figures/single_neuron_illus
tration.png> <./figures/single_neuron_results_1.png>]
<./figures/single_neuron_results_3.png, id=31, 444.4605pt x 283.0575pt>
File: ./figures/single_neuron_results_3.png Graphic file (type png)
<use ./figures/single_neuron_results_3.png>
Package pdftex.def Info: ./figures/single_neuron_results_3.png  used on input l
ine 167.
(pdftex.def)             Requested size: 369.88583pt x 235.57256pt.
<./figures/single_neuron_results_4.png, id=32, 444.4605pt x 283.0575pt>
File: ./figures/single_neuron_results_4.png Graphic file (type png)
<use ./figures/single_neuron_results_4.png>
Package pdftex.def Info: ./figures/single_neuron_results_4.png  used on input l
ine 174.
(pdftex.def)             Requested size: 369.88583pt x 235.57256pt.

Overfull \hbox (29.08524pt too wide) detected at line 197
[]
 []

[4 <./figures/single_neuron_results_2.png>] [5 <./figures/single_neuron_results
_3.png> <./figures/single_neuron_results_4.png>]
<./figures/weights_analytic_comp.png, id=39, 361.35pt x 180.675pt>
File: ./figures/weights_analytic_comp.png Graphic file (type png)
<use ./figures/weights_analytic_comp.png>
Package pdftex.def Info: ./figures/weights_analytic_comp.png  used on input lin
e 210.
(pdftex.def)             Requested size: 295.90979pt x 147.95595pt.
<./figures/weights_full_sim_comp.png, id=40, 361.35pt x 180.675pt>
File: ./figures/weights_full_sim_comp.png Graphic file (type png)
<use ./figures/weights_full_sim_comp.png>
Package pdftex.def Info: ./figures/weights_full_sim_comp.png  used on input lin
e 211.
(pdftex.def)             Requested size: 295.90979pt x 147.95595pt.
 [6 <./figures/weights_analytic_comp.png> <./figures/weights_full_sim_comp.png>
]
<./figures/dist_plast_comp.png, id=46, 369.0588pt x 387.849pt>
File: ./figures/dist_plast_comp.png Graphic file (type png)
<use ./figures/dist_plast_comp.png>
Package pdftex.def Info: ./figures/dist_plast_comp.png  used on input line 229.

(pdftex.def)             Requested size: 369.88583pt x 388.74167pt.
<./figures/prox_dist_rnn_illustration.png, id=47, 195.8517pt x 157.3077pt>
File: ./figures/prox_dist_rnn_illustration.png Graphic file (type png)
<use ./figures/prox_dist_rnn_illustration.png>
Package pdftex.def Info: ./figures/prox_dist_rnn_illustration.png  used on inpu
t line 244.
(pdftex.def)             Requested size: 184.94292pt x 148.55092pt.
<./figures/echo_state_network_pd_act_grad_desc.png, id=48, 311.2428pt x 448.314
9pt>
File: ./figures/echo_state_network_pd_act_grad_desc.png Graphic file (type png)

<use ./figures/echo_state_network_pd_act_grad_desc.png>
Package pdftex.def Info: ./figures/echo_state_network_pd_act_grad_desc.png  use
d on input line 259.
(pdftex.def)             Requested size: 369.88583pt x 532.8241pt.
 [7] [8 <./figures/dist_plast_comp.png> <./figures/prox_dist_rnn_illustration.p
ng>] [9 <./figures/echo_state_network_pd_act_grad_desc.png>]
<./figures/sjoestroem_haeusser_plast_switch.jpg, id=62, 158.61026pt x 142.62132
pt>
File: ./figures/sjoestroem_haeusser_plast_switch.jpg Graphic file (type jpg)
<use ./figures/sjoestroem_haeusser_plast_switch.jpg>
Package pdftex.def Info: ./figures/sjoestroem_haeusser_plast_switch.jpg  used o
n input line 299.
(pdftex.def)             Requested size: 184.94292pt x 166.29826pt.
 [10] [11 <./figures/sjoestroem_haeusser_plast_switch.jpg>]
Overfull \hbox (2.3786pt too wide) in paragraph at lines 319--321
[]\OT1/cmr/m/n/10 Interaction in-for-ma-tion can also be used to write the mu-t
ual in-for-ma-tion $\OML/cmm/m/it/10 I\OT1/cmr/m/n/10 (\OML/cmm/m/it/10 Z\OT1/c
mr/m/n/10 ; \OML/cmm/m/it/10 X; Y\OT1/cmr/m/n/10 )$
 []

[12]
<./figures/interaction_info_comp_mod.png, id=74, 650.43pt x 867.24pt>
File: ./figures/interaction_info_comp_mod.png Graphic file (type png)
<use ./figures/interaction_info_comp_mod.png>
Package pdftex.def Info: ./figures/interaction_info_comp_mod.png  used on input
 line 341.
(pdftex.def)             Requested size: 369.88583pt x 493.19391pt.
 (./sequ_learn_rnn.bbl [13] [14 <./figures/interaction_info_comp_mod.png>]) [15
] (./sequ_learn_rnn.aux) ) 
Here is how much of TeX's memory you used:
 3950 strings out of 483130
 54742 string characters out of 5963883
 307214 words of memory out of 5000000
 18925 multiletter control sequences out of 15000+600000
 540882 words of font info for 57 fonts, out of 8000000 for 9000
 14 hyphenation exceptions out of 8191
 30i,9n,27p,1320b,265s stack positions out of 5000i,500n,10000p,200000b,80000s
 </home/fabian/.texlive2019/texmf-var/fonts/pk/ljfour
/jknappen/ec/tcrm1000.600pk></usr/share/texlive/texmf-dist/fonts/type1/public/a
msfonts/cm/cmbx10.pfb></usr/share/texlive/texmf-dist/fonts/type1/public/amsfont
s/cm/cmbx12.pfb></usr/share/texlive/texmf-dist/fonts/type1/public/amsfonts/cm/c
mex10.pfb></usr/share/texlive/texmf-dist/fonts/type1/public/amsfonts/cm/cmmi10.
pfb></usr/share/texlive/texmf-dist/fonts/type1/public/amsfonts/cm/cmmi5.pfb></u
sr/share/texlive/texmf-dist/fonts/type1/public/amsfonts/cm/cmmi7.pfb></usr/shar
e/texlive/texmf-dist/fonts/type1/public/amsfonts/cm/cmr10.pfb></usr/share/texli
ve/texmf-dist/fonts/type1/public/amsfonts/cm/cmr12.pfb></usr/share/texlive/texm
f-dist/fonts/type1/public/amsfonts/cm/cmr17.pfb></usr/share/texlive/texmf-dist/
fonts/type1/public/amsfonts/cm/cmr7.pfb></usr/share/texlive/texmf-dist/fonts/ty
pe1/public/amsfonts/cm/cmsy10.pfb></usr/share/texlive/texmf-dist/fonts/type1/pu
blic/amsfonts/cm/cmsy7.pfb></usr/share/texlive/texmf-dist/fonts/type1/public/am
sfonts/cm/cmti10.pfb>
Output written on sequ_learn_rnn.pdf (15 pages, 5185863 bytes).
PDF statistics:
 132 PDF objects out of 1000 (max. 8388607)
 79 compressed objects within 1 object stream
 0 named destinations out of 1000 (max. 500000)
 71 words of extra memory for PDF output out of 10000 (max. 10000000)

